The system is: Linux - 3.10.0-1127.el7.x86_64 - x86_64
Compiling the C compiler identification source file "CMakeCCompilerId.c" succeeded.
Compiler: /apps/bin/gcc 
Build flags: 
Id flags: 

The output was:
0


Compilation of the C compiler identification source "CMakeCCompilerId.c" produced "a.out"

The C compiler identification is GNU, found in "/root/WorkSpace/sylar/build/CMakeFiles/3.6.2/CompilerIdC/a.out"

Compiling the CXX compiler identification source file "CMakeCXXCompilerId.cpp" succeeded.
Compiler: /apps/bin/c++ 
Build flags: 
Id flags: 

The output was:
0


Compilation of the CXX compiler identification source "CMakeCXXCompilerId.cpp" produced "a.out"

The CXX compiler identification is GNU, found in "/root/WorkSpace/sylar/build/CMakeFiles/3.6.2/CompilerIdCXX/a.out"

Determining if the C compiler works passed with the following output:
Change Dir: /root/WorkSpace/sylar/build/CMakeFiles/CMakeTmp

Run Build Command:"/usr/bin/gmake" "cmTC_5c686/fast"
/usr/bin/gmake -f CMakeFiles/cmTC_5c686.dir/build.make CMakeFiles/cmTC_5c686.dir/build
gmake[1]: 进入目录“/root/WorkSpace/sylar/build/CMakeFiles/CMakeTmp”
Building C object CMakeFiles/cmTC_5c686.dir/testCCompiler.c.o
/apps/bin/gcc     -o CMakeFiles/cmTC_5c686.dir/testCCompiler.c.o   -c /root/WorkSpace/sylar/build/CMakeFiles/CMakeTmp/testCCompiler.c
Linking C executable cmTC_5c686
/usr/local/bin/cmake -E cmake_link_script CMakeFiles/cmTC_5c686.dir/link.txt --verbose=1
/apps/bin/gcc       CMakeFiles/cmTC_5c686.dir/testCCompiler.c.o  -o cmTC_5c686 -rdynamic 
gmake[1]: 离开目录“/root/WorkSpace/sylar/build/CMakeFiles/CMakeTmp”


Detecting C compiler ABI info compiled with the following output:
Change Dir: /root/WorkSpace/sylar/build/CMakeFiles/CMakeTmp

Run Build Command:"/usr/bin/gmake" "cmTC_ecba0/fast"
/usr/bin/gmake -f CMakeFiles/cmTC_ecba0.dir/build.make CMakeFiles/cmTC_ecba0.dir/build
gmake[1]: 进入目录“/root/WorkSpace/sylar/build/CMakeFiles/CMakeTmp”
Building C object CMakeFiles/cmTC_ecba0.dir/CMakeCCompilerABI.c.o
/apps/bin/gcc     -o CMakeFiles/cmTC_ecba0.dir/CMakeCCompilerABI.c.o   -c /usr/local/share/cmake-3.6/Modules/CMakeCCompilerABI.c
Linking C executable cmTC_ecba0
/usr/local/bin/cmake -E cmake_link_script CMakeFiles/cmTC_ecba0.dir/link.txt --verbose=1
/apps/bin/gcc      -v CMakeFiles/cmTC_ecba0.dir/CMakeCCompilerABI.c.o  -o cmTC_ecba0 -rdynamic  
使用内建 specs。
COLLECT_GCC=/apps/bin/gcc
COLLECT_LTO_WRAPPER=/apps/libexec/gcc/x86_64-pc-linux-gnu/9.2.0/lto-wrapper
目标：x86_64-pc-linux-gnu
配置为：./configure --prefix=/apps/ -enable-threads=posix -disable-checking -disable-multilib -enable-languages=c,c++ --with-gmp=/apps/ --with-mpfr=/apps/ --with-mpc=/apps/
线程模型：posix
gcc 版本 9.2.0 (GCC) 
COMPILER_PATH=/apps/libexec/gcc/x86_64-pc-linux-gnu/9.2.0/:/apps/libexec/gcc/x86_64-pc-linux-gnu/9.2.0/:/apps/libexec/gcc/x86_64-pc-linux-gnu/:/apps/lib/gcc/x86_64-pc-linux-gnu/9.2.0/:/apps/lib/gcc/x86_64-pc-linux-gnu/
LIBRARY_PATH=/apps/lib/gcc/x86_64-pc-linux-gnu/9.2.0/:/apps/lib/gcc/x86_64-pc-linux-gnu/9.2.0/../../../../lib64/:/lib/../lib64/:/usr/lib/../lib64/:/apps/lib/gcc/x86_64-pc-linux-gnu/9.2.0/../../../:/lib/:/usr/lib/
COLLECT_GCC_OPTIONS='-v' '-o' 'cmTC_ecba0' '-rdynamic' '-mtune=generic' '-march=x86-64'
 /apps/libexec/gcc/x86_64-pc-linux-gnu/9.2.0/collect2 -plugin /apps/libexec/gcc/x86_64-pc-linux-gnu/9.2.0/liblto_plugin.so -plugin-opt=/apps/libexec/gcc/x86_64-pc-linux-gnu/9.2.0/lto-wrapper -plugin-opt=-fresolution=/tmp/ccKbCZrF.res -plugin-opt=-pass-through=-lgcc -plugin-opt=-pass-through=-lgcc_s -plugin-opt=-pass-through=-lc -plugin-opt=-pass-through=-lgcc -plugin-opt=-pass-through=-lgcc_s --eh-frame-hdr -m elf_x86_64 -export-dynamic -dynamic-linker /lib64/ld-linux-x86-64.so.2 -o cmTC_ecba0 /lib/../lib64/crt1.o /lib/../lib64/crti.o /apps/lib/gcc/x86_64-pc-linux-gnu/9.2.0/crtbegin.o -L/apps/lib/gcc/x86_64-pc-linux-gnu/9.2.0 -L/apps/lib/gcc/x86_64-pc-linux-gnu/9.2.0/../../../../lib64 -L/lib/../lib64 -L/usr/lib/../lib64 -L/apps/lib/gcc/x86_64-pc-linux-gnu/9.2.0/../../.. CMakeFiles/cmTC_ecba0.dir/CMakeCCompilerABI.c.o -lgcc --as-needed -lgcc_s --no-as-needed -lc -lgcc --as-needed -lgcc_s --no-as-needed /apps/lib/gcc/x86_64-pc-linux-gnu/9.2.0/crtend.o /lib/../lib64/crtn.o
COLLECT_GCC_OPTIONS='-v' '-o' 'cmTC_ecba0' '-rdynamic' '-mtune=generic' '-march=x86-64'
gmake[1]: 离开目录“/root/WorkSpace/sylar/build/CMakeFiles/CMakeTmp”


Parsed C implicit link information from above output:
  link line regex: [^( *|.*[/\])(ld|([^/\]+-)?ld|collect2)[^/\]*( |$)]
  ignore line: [Change Dir: /root/WorkSpace/sylar/build/CMakeFiles/CMakeTmp]
  ignore line: []
  ignore line: [Run Build Command:"/usr/bin/gmake" "cmTC_ecba0/fast"]
  ignore line: [/usr/bin/gmake -f CMakeFiles/cmTC_ecba0.dir/build.make CMakeFiles/cmTC_ecba0.dir/build]
  ignore line: [gmake[1]: 进入目录“/root/WorkSpace/sylar/build/CMakeFiles/CMakeTmp”]
  ignore line: [Building C object CMakeFiles/cmTC_ecba0.dir/CMakeCCompilerABI.c.o]
  ignore line: [/apps/bin/gcc     -o CMakeFiles/cmTC_ecba0.dir/CMakeCCompilerABI.c.o   -c /usr/local/share/cmake-3.6/Modules/CMakeCCompilerABI.c]
  ignore line: [Linking C executable cmTC_ecba0]
  ignore line: [/usr/local/bin/cmake -E cmake_link_script CMakeFiles/cmTC_ecba0.dir/link.txt --verbose=1]
  ignore line: [/apps/bin/gcc      -v CMakeFiles/cmTC_ecba0.dir/CMakeCCompilerABI.c.o  -o cmTC_ecba0 -rdynamic  ]
  ignore line: [使用内建 specs。]
  ignore line: [COLLECT_GCC=/apps/bin/gcc]
  ignore line: [COLLECT_LTO_WRAPPER=/apps/libexec/gcc/x86_64-pc-linux-gnu/9.2.0/lto-wrapper]
  ignore line: [目标：x86_64-pc-linux-gnu]
  ignore line: [配置为：./configure --prefix=/apps/ -enable-threads=posix -disable-checking -disable-multilib -enable-languages=c,c++ --with-gmp=/apps/ --with-mpfr=/apps/ --with-mpc=/apps/]
  ignore line: [线程模型：posix]
  ignore line: [gcc 版本 9.2.0 (GCC) ]
  ignore line: [COMPILER_PATH=/apps/libexec/gcc/x86_64-pc-linux-gnu/9.2.0/:/apps/libexec/gcc/x86_64-pc-linux-gnu/9.2.0/:/apps/libexec/gcc/x86_64-pc-linux-gnu/:/apps/lib/gcc/x86_64-pc-linux-gnu/9.2.0/:/apps/lib/gcc/x86_64-pc-linux-gnu/]
  ignore line: [LIBRARY_PATH=/apps/lib/gcc/x86_64-pc-linux-gnu/9.2.0/:/apps/lib/gcc/x86_64-pc-linux-gnu/9.2.0/../../../../lib64/:/lib/../lib64/:/usr/lib/../lib64/:/apps/lib/gcc/x86_64-pc-linux-gnu/9.2.0/../../../:/lib/:/usr/lib/]
  ignore line: [COLLECT_GCC_OPTIONS='-v' '-o' 'cmTC_ecba0' '-rdynamic' '-mtune=generic' '-march=x86-64']
  link line: [ /apps/libexec/gcc/x86_64-pc-linux-gnu/9.2.0/collect2 -plugin /apps/libexec/gcc/x86_64-pc-linux-gnu/9.2.0/liblto_plugin.so -plugin-opt=/apps/libexec/gcc/x86_64-pc-linux-gnu/9.2.0/lto-wrapper -plugin-opt=-fresolution=/tmp/ccKbCZrF.res -plugin-opt=-pass-through=-lgcc -plugin-opt=-pass-through=-lgcc_s -plugin-opt=-pass-through=-lc -plugin-opt=-pass-through=-lgcc -plugin-opt=-pass-through=-lgcc_s --eh-frame-hdr -m elf_x86_64 -export-dynamic -dynamic-linker /lib64/ld-linux-x86-64.so.2 -o cmTC_ecba0 /lib/../lib64/crt1.o /lib/../lib64/crti.o /apps/lib/gcc/x86_64-pc-linux-gnu/9.2.0/crtbegin.o -L/apps/lib/gcc/x86_64-pc-linux-gnu/9.2.0 -L/apps/lib/gcc/x86_64-pc-linux-gnu/9.2.0/../../../../lib64 -L/lib/../lib64 -L/usr/lib/../lib64 -L/apps/lib/gcc/x86_64-pc-linux-gnu/9.2.0/../../.. CMakeFiles/cmTC_ecba0.dir/CMakeCCompilerABI.c.o -lgcc --as-needed -lgcc_s --no-as-needed -lc -lgcc --as-needed -lgcc_s --no-as-needed /apps/lib/gcc/x86_64-pc-linux-gnu/9.2.0/crtend.o /lib/../lib64/crtn.o]
    arg [/apps/libexec/gcc/x86_64-pc-linux-gnu/9.2.0/collect2] ==> ignore
    arg [-plugin] ==> ignore
    arg [/apps/libexec/gcc/x86_64-pc-linux-gnu/9.2.0/liblto_plugin.so] ==> ignore
    arg [-plugin-opt=/apps/libexec/gcc/x86_64-pc-linux-gnu/9.2.0/lto-wrapper] ==> ignore
    arg [-plugin-opt=-fresolution=/tmp/ccKbCZrF.res] ==> ignore
    arg [-plugin-opt=-pass-through=-lgcc] ==> ignore
    arg [-plugin-opt=-pass-through=-lgcc_s] ==> ignore
    arg [-plugin-opt=-pass-through=-lc] ==> ignore
    arg [-plugin-opt=-pass-through=-lgcc] ==> ignore
    arg [-plugin-opt=-pass-through=-lgcc_s] ==> ignore
    arg [--eh-frame-hdr] ==> ignore
    arg [-m] ==> ignore
    arg [elf_x86_64] ==> ignore
    arg [-export-dynamic] ==> ignore
    arg [-dynamic-linker] ==> ignore
    arg [/lib64/ld-linux-x86-64.so.2] ==> ignore
    arg [-o] ==> ignore
    arg [cmTC_ecba0] ==> ignore
    arg [/lib/../lib64/crt1.o] ==> ignore
    arg [/lib/../lib64/crti.o] ==> ignore
    arg [/apps/lib/gcc/x86_64-pc-linux-gnu/9.2.0/crtbegin.o] ==> ignore
    arg [-L/apps/lib/gcc/x86_64-pc-linux-gnu/9.2.0] ==> dir [/apps/lib/gcc/x86_64-pc-linux-gnu/9.2.0]
    arg [-L/apps/lib/gcc/x86_64-pc-linux-gnu/9.2.0/../../../../lib64] ==> dir [/apps/lib/gcc/x86_64-pc-linux-gnu/9.2.0/../../../../lib64]
    arg [-L/lib/../lib64] ==> dir [/lib/../lib64]
    arg [-L/usr/lib/../lib64] ==> dir [/usr/lib/../lib64]
    arg [-L/apps/lib/gcc/x86_64-pc-linux-gnu/9.2.0/../../..] ==> dir [/apps/lib/gcc/x86_64-pc-linux-gnu/9.2.0/../../..]
    arg [CMakeFiles/cmTC_ecba0.dir/CMakeCCompilerABI.c.o] ==> ignore
    arg [-lgcc] ==> lib [gcc]
    arg [--as-needed] ==> ignore
    arg [-lgcc_s] ==> lib [gcc_s]
    arg [--no-as-needed] ==> ignore
    arg [-lc] ==> lib [c]
    arg [-lgcc] ==> lib [gcc]
    arg [--as-needed] ==> ignore
    arg [-lgcc_s] ==> lib [gcc_s]
    arg [--no-as-needed] ==> ignore
    arg [/apps/lib/gcc/x86_64-pc-linux-gnu/9.2.0/crtend.o] ==> ignore
    arg [/lib/../lib64/crtn.o] ==> ignore
  remove lib [gcc]
  remove lib [gcc_s]
  remove lib [gcc]
  remove lib [gcc_s]
  collapse library dir [/apps/lib/gcc/x86_64-pc-linux-gnu/9.2.0] ==> [/apps/lib/gcc/x86_64-pc-linux-gnu/9.2.0]
  collapse library dir [/apps/lib/gcc/x86_64-pc-linux-gnu/9.2.0/../../../../lib64] ==> [/apps/lib64]
  collapse library dir [/lib/../lib64] ==> [/lib64]
  collapse library dir [/usr/lib/../lib64] ==> [/usr/lib64]
  collapse library dir [/apps/lib/gcc/x86_64-pc-linux-gnu/9.2.0/../../..] ==> [/apps/lib]
  implicit libs: [c]
  implicit dirs: [/apps/lib/gcc/x86_64-pc-linux-gnu/9.2.0;/apps/lib64;/lib64;/usr/lib64;/apps/lib]
  implicit fwks: []




Detecting C [-std=c11] compiler features compiled with the following output:
Change Dir: /root/WorkSpace/sylar/build/CMakeFiles/CMakeTmp

Run Build Command:"/usr/bin/gmake" "cmTC_7af98/fast"
/usr/bin/gmake -f CMakeFiles/cmTC_7af98.dir/build.make CMakeFiles/cmTC_7af98.dir/build
gmake[1]: 进入目录“/root/WorkSpace/sylar/build/CMakeFiles/CMakeTmp”
Building C object CMakeFiles/cmTC_7af98.dir/feature_tests.c.o
/apps/bin/gcc    -std=c11 -o CMakeFiles/cmTC_7af98.dir/feature_tests.c.o   -c /root/WorkSpace/sylar/build/CMakeFiles/feature_tests.c
Linking C executable cmTC_7af98
/usr/local/bin/cmake -E cmake_link_script CMakeFiles/cmTC_7af98.dir/link.txt --verbose=1
/apps/bin/gcc       CMakeFiles/cmTC_7af98.dir/feature_tests.c.o  -o cmTC_7af98 -rdynamic 
gmake[1]: 离开目录“/root/WorkSpace/sylar/build/CMakeFiles/CMakeTmp”


    Feature record: C_FEATURE:1c_function_prototypes
    Feature record: C_FEATURE:1c_restrict
    Feature record: C_FEATURE:1c_static_assert
    Feature record: C_FEATURE:1c_variadic_macros


Detecting C [-std=c99] compiler features compiled with the following output:
Change Dir: /root/WorkSpace/sylar/build/CMakeFiles/CMakeTmp

Run Build Command:"/usr/bin/gmake" "cmTC_d5b2f/fast"
/usr/bin/gmake -f CMakeFiles/cmTC_d5b2f.dir/build.make CMakeFiles/cmTC_d5b2f.dir/build
gmake[1]: 进入目录“/root/WorkSpace/sylar/build/CMakeFiles/CMakeTmp”
Building C object CMakeFiles/cmTC_d5b2f.dir/feature_tests.c.o
/apps/bin/gcc    -std=c99 -o CMakeFiles/cmTC_d5b2f.dir/feature_tests.c.o   -c /root/WorkSpace/sylar/build/CMakeFiles/feature_tests.c
Linking C executable cmTC_d5b2f
/usr/local/bin/cmake -E cmake_link_script CMakeFiles/cmTC_d5b2f.dir/link.txt --verbose=1
/apps/bin/gcc       CMakeFiles/cmTC_d5b2f.dir/feature_tests.c.o  -o cmTC_d5b2f -rdynamic 
gmake[1]: 离开目录“/root/WorkSpace/sylar/build/CMakeFiles/CMakeTmp”


    Feature record: C_FEATURE:1c_function_prototypes
    Feature record: C_FEATURE:1c_restrict
    Feature record: C_FEATURE:0c_static_assert
    Feature record: C_FEATURE:1c_variadic_macros


Detecting C [-std=c90] compiler features compiled with the following output:
Change Dir: /root/WorkSpace/sylar/build/CMakeFiles/CMakeTmp

Run Build Command:"/usr/bin/gmake" "cmTC_cb6bc/fast"
/usr/bin/gmake -f CMakeFiles/cmTC_cb6bc.dir/build.make CMakeFiles/cmTC_cb6bc.dir/build
gmake[1]: 进入目录“/root/WorkSpace/sylar/build/CMakeFiles/CMakeTmp”
Building C object CMakeFiles/cmTC_cb6bc.dir/feature_tests.c.o
/apps/bin/gcc    -std=c90 -o CMakeFiles/cmTC_cb6bc.dir/feature_tests.c.o   -c /root/WorkSpace/sylar/build/CMakeFiles/feature_tests.c
Linking C executable cmTC_cb6bc
/usr/local/bin/cmake -E cmake_link_script CMakeFiles/cmTC_cb6bc.dir/link.txt --verbose=1
/apps/bin/gcc       CMakeFiles/cmTC_cb6bc.dir/feature_tests.c.o  -o cmTC_cb6bc -rdynamic 
gmake[1]: 离开目录“/root/WorkSpace/sylar/build/CMakeFiles/CMakeTmp”


    Feature record: C_FEATURE:1c_function_prototypes
    Feature record: C_FEATURE:0c_restrict
    Feature record: C_FEATURE:0c_static_assert
    Feature record: C_FEATURE:0c_variadic_macros
Determining if the CXX compiler works passed with the following output:
Change Dir: /root/WorkSpace/sylar/build/CMakeFiles/CMakeTmp

Run Build Command:"/usr/bin/gmake" "cmTC_5ba10/fast"
/usr/bin/gmake -f CMakeFiles/cmTC_5ba10.dir/build.make CMakeFiles/cmTC_5ba10.dir/build
gmake[1]: 进入目录“/root/WorkSpace/sylar/build/CMakeFiles/CMakeTmp”
Building CXX object CMakeFiles/cmTC_5ba10.dir/testCXXCompiler.cxx.o
/apps/bin/c++      -o CMakeFiles/cmTC_5ba10.dir/testCXXCompiler.cxx.o -c /root/WorkSpace/sylar/build/CMakeFiles/CMakeTmp/testCXXCompiler.cxx
Linking CXX executable cmTC_5ba10
/usr/local/bin/cmake -E cmake_link_script CMakeFiles/cmTC_5ba10.dir/link.txt --verbose=1
/apps/bin/c++        CMakeFiles/cmTC_5ba10.dir/testCXXCompiler.cxx.o  -o cmTC_5ba10 -rdynamic 
gmake[1]: 离开目录“/root/WorkSpace/sylar/build/CMakeFiles/CMakeTmp”


Detecting CXX compiler ABI info compiled with the following output:
Change Dir: /root/WorkSpace/sylar/build/CMakeFiles/CMakeTmp

Run Build Command:"/usr/bin/gmake" "cmTC_d6c33/fast"
/usr/bin/gmake -f CMakeFiles/cmTC_d6c33.dir/build.make CMakeFiles/cmTC_d6c33.dir/build
gmake[1]: 进入目录“/root/WorkSpace/sylar/build/CMakeFiles/CMakeTmp”
Building CXX object CMakeFiles/cmTC_d6c33.dir/CMakeCXXCompilerABI.cpp.o
/apps/bin/c++      -o CMakeFiles/cmTC_d6c33.dir/CMakeCXXCompilerABI.cpp.o -c /usr/local/share/cmake-3.6/Modules/CMakeCXXCompilerABI.cpp
Linking CXX executable cmTC_d6c33
/usr/local/bin/cmake -E cmake_link_script CMakeFiles/cmTC_d6c33.dir/link.txt --verbose=1
/apps/bin/c++       -v CMakeFiles/cmTC_d6c33.dir/CMakeCXXCompilerABI.cpp.o  -o cmTC_d6c33 -rdynamic  
使用内建 specs。
COLLECT_GCC=/apps/bin/c++
COLLECT_LTO_WRAPPER=/apps/libexec/gcc/x86_64-pc-linux-gnu/9.2.0/lto-wrapper
目标：x86_64-pc-linux-gnu
配置为：./configure --prefix=/apps/ -enable-threads=posix -disable-checking -disable-multilib -enable-languages=c,c++ --with-gmp=/apps/ --with-mpfr=/apps/ --with-mpc=/apps/
线程模型：posix
gcc 版本 9.2.0 (GCC) 
COMPILER_PATH=/apps/libexec/gcc/x86_64-pc-linux-gnu/9.2.0/:/apps/libexec/gcc/x86_64-pc-linux-gnu/9.2.0/:/apps/libexec/gcc/x86_64-pc-linux-gnu/:/apps/lib/gcc/x86_64-pc-linux-gnu/9.2.0/:/apps/lib/gcc/x86_64-pc-linux-gnu/
LIBRARY_PATH=/apps/lib/gcc/x86_64-pc-linux-gnu/9.2.0/:/apps/lib/gcc/x86_64-pc-linux-gnu/9.2.0/../../../../lib64/:/lib/../lib64/:/usr/lib/../lib64/:/apps/lib/gcc/x86_64-pc-linux-gnu/9.2.0/../../../:/lib/:/usr/lib/
COLLECT_GCC_OPTIONS='-v' '-o' 'cmTC_d6c33' '-rdynamic' '-shared-libgcc' '-mtune=generic' '-march=x86-64'
 /apps/libexec/gcc/x86_64-pc-linux-gnu/9.2.0/collect2 -plugin /apps/libexec/gcc/x86_64-pc-linux-gnu/9.2.0/liblto_plugin.so -plugin-opt=/apps/libexec/gcc/x86_64-pc-linux-gnu/9.2.0/lto-wrapper -plugin-opt=-fresolution=/tmp/ccQuV053.res -plugin-opt=-pass-through=-lgcc_s -plugin-opt=-pass-through=-lgcc -plugin-opt=-pass-through=-lc -plugin-opt=-pass-through=-lgcc_s -plugin-opt=-pass-through=-lgcc --eh-frame-hdr -m elf_x86_64 -export-dynamic -dynamic-linker /lib64/ld-linux-x86-64.so.2 -o cmTC_d6c33 /lib/../lib64/crt1.o /lib/../lib64/crti.o /apps/lib/gcc/x86_64-pc-linux-gnu/9.2.0/crtbegin.o -L/apps/lib/gcc/x86_64-pc-linux-gnu/9.2.0 -L/apps/lib/gcc/x86_64-pc-linux-gnu/9.2.0/../../../../lib64 -L/lib/../lib64 -L/usr/lib/../lib64 -L/apps/lib/gcc/x86_64-pc-linux-gnu/9.2.0/../../.. CMakeFiles/cmTC_d6c33.dir/CMakeCXXCompilerABI.cpp.o -lstdc++ -lm -lgcc_s -lgcc -lc -lgcc_s -lgcc /apps/lib/gcc/x86_64-pc-linux-gnu/9.2.0/crtend.o /lib/../lib64/crtn.o
COLLECT_GCC_OPTIONS='-v' '-o' 'cmTC_d6c33' '-rdynamic' '-shared-libgcc' '-mtune=generic' '-march=x86-64'
gmake[1]: 离开目录“/root/WorkSpace/sylar/build/CMakeFiles/CMakeTmp”


Parsed CXX implicit link information from above output:
  link line regex: [^( *|.*[/\])(ld|([^/\]+-)?ld|collect2)[^/\]*( |$)]
  ignore line: [Change Dir: /root/WorkSpace/sylar/build/CMakeFiles/CMakeTmp]
  ignore line: []
  ignore line: [Run Build Command:"/usr/bin/gmake" "cmTC_d6c33/fast"]
  ignore line: [/usr/bin/gmake -f CMakeFiles/cmTC_d6c33.dir/build.make CMakeFiles/cmTC_d6c33.dir/build]
  ignore line: [gmake[1]: 进入目录“/root/WorkSpace/sylar/build/CMakeFiles/CMakeTmp”]
  ignore line: [Building CXX object CMakeFiles/cmTC_d6c33.dir/CMakeCXXCompilerABI.cpp.o]
  ignore line: [/apps/bin/c++      -o CMakeFiles/cmTC_d6c33.dir/CMakeCXXCompilerABI.cpp.o -c /usr/local/share/cmake-3.6/Modules/CMakeCXXCompilerABI.cpp]
  ignore line: [Linking CXX executable cmTC_d6c33]
  ignore line: [/usr/local/bin/cmake -E cmake_link_script CMakeFiles/cmTC_d6c33.dir/link.txt --verbose=1]
  ignore line: [/apps/bin/c++       -v CMakeFiles/cmTC_d6c33.dir/CMakeCXXCompilerABI.cpp.o  -o cmTC_d6c33 -rdynamic  ]
  ignore line: [使用内建 specs。]
  ignore line: [COLLECT_GCC=/apps/bin/c++]
  ignore line: [COLLECT_LTO_WRAPPER=/apps/libexec/gcc/x86_64-pc-linux-gnu/9.2.0/lto-wrapper]
  ignore line: [目标：x86_64-pc-linux-gnu]
  ignore line: [配置为：./configure --prefix=/apps/ -enable-threads=posix -disable-checking -disable-multilib -enable-languages=c,c++ --with-gmp=/apps/ --with-mpfr=/apps/ --with-mpc=/apps/]
  ignore line: [线程模型：posix]
  ignore line: [gcc 版本 9.2.0 (GCC) ]
  ignore line: [COMPILER_PATH=/apps/libexec/gcc/x86_64-pc-linux-gnu/9.2.0/:/apps/libexec/gcc/x86_64-pc-linux-gnu/9.2.0/:/apps/libexec/gcc/x86_64-pc-linux-gnu/:/apps/lib/gcc/x86_64-pc-linux-gnu/9.2.0/:/apps/lib/gcc/x86_64-pc-linux-gnu/]
  ignore line: [LIBRARY_PATH=/apps/lib/gcc/x86_64-pc-linux-gnu/9.2.0/:/apps/lib/gcc/x86_64-pc-linux-gnu/9.2.0/../../../../lib64/:/lib/../lib64/:/usr/lib/../lib64/:/apps/lib/gcc/x86_64-pc-linux-gnu/9.2.0/../../../:/lib/:/usr/lib/]
  ignore line: [COLLECT_GCC_OPTIONS='-v' '-o' 'cmTC_d6c33' '-rdynamic' '-shared-libgcc' '-mtune=generic' '-march=x86-64']
  link line: [ /apps/libexec/gcc/x86_64-pc-linux-gnu/9.2.0/collect2 -plugin /apps/libexec/gcc/x86_64-pc-linux-gnu/9.2.0/liblto_plugin.so -plugin-opt=/apps/libexec/gcc/x86_64-pc-linux-gnu/9.2.0/lto-wrapper -plugin-opt=-fresolution=/tmp/ccQuV053.res -plugin-opt=-pass-through=-lgcc_s -plugin-opt=-pass-through=-lgcc -plugin-opt=-pass-through=-lc -plugin-opt=-pass-through=-lgcc_s -plugin-opt=-pass-through=-lgcc --eh-frame-hdr -m elf_x86_64 -export-dynamic -dynamic-linker /lib64/ld-linux-x86-64.so.2 -o cmTC_d6c33 /lib/../lib64/crt1.o /lib/../lib64/crti.o /apps/lib/gcc/x86_64-pc-linux-gnu/9.2.0/crtbegin.o -L/apps/lib/gcc/x86_64-pc-linux-gnu/9.2.0 -L/apps/lib/gcc/x86_64-pc-linux-gnu/9.2.0/../../../../lib64 -L/lib/../lib64 -L/usr/lib/../lib64 -L/apps/lib/gcc/x86_64-pc-linux-gnu/9.2.0/../../.. CMakeFiles/cmTC_d6c33.dir/CMakeCXXCompilerABI.cpp.o -lstdc++ -lm -lgcc_s -lgcc -lc -lgcc_s -lgcc /apps/lib/gcc/x86_64-pc-linux-gnu/9.2.0/crtend.o /lib/../lib64/crtn.o]
    arg [/apps/libexec/gcc/x86_64-pc-linux-gnu/9.2.0/collect2] ==> ignore
    arg [-plugin] ==> ignore
    arg [/apps/libexec/gcc/x86_64-pc-linux-gnu/9.2.0/liblto_plugin.so] ==> ignore
    arg [-plugin-opt=/apps/libexec/gcc/x86_64-pc-linux-gnu/9.2.0/lto-wrapper] ==> ignore
    arg [-plugin-opt=-fresolution=/tmp/ccQuV053.res] ==> ignore
    arg [-plugin-opt=-pass-through=-lgcc_s] ==> ignore
    arg [-plugin-opt=-pass-through=-lgcc] ==> ignore
    arg [-plugin-opt=-pass-through=-lc] ==> ignore
    arg [-plugin-opt=-pass-through=-lgcc_s] ==> ignore
    arg [-plugin-opt=-pass-through=-lgcc] ==> ignore
    arg [--eh-frame-hdr] ==> ignore
    arg [-m] ==> ignore
    arg [elf_x86_64] ==> ignore
    arg [-export-dynamic] ==> ignore
    arg [-dynamic-linker] ==> ignore
    arg [/lib64/ld-linux-x86-64.so.2] ==> ignore
    arg [-o] ==> ignore
    arg [cmTC_d6c33] ==> ignore
    arg [/lib/../lib64/crt1.o] ==> ignore
    arg [/lib/../lib64/crti.o] ==> ignore
    arg [/apps/lib/gcc/x86_64-pc-linux-gnu/9.2.0/crtbegin.o] ==> ignore
    arg [-L/apps/lib/gcc/x86_64-pc-linux-gnu/9.2.0] ==> dir [/apps/lib/gcc/x86_64-pc-linux-gnu/9.2.0]
    arg [-L/apps/lib/gcc/x86_64-pc-linux-gnu/9.2.0/../../../../lib64] ==> dir [/apps/lib/gcc/x86_64-pc-linux-gnu/9.2.0/../../../../lib64]
    arg [-L/lib/../lib64] ==> dir [/lib/../lib64]
    arg [-L/usr/lib/../lib64] ==> dir [/usr/lib/../lib64]
    arg [-L/apps/lib/gcc/x86_64-pc-linux-gnu/9.2.0/../../..] ==> dir [/apps/lib/gcc/x86_64-pc-linux-gnu/9.2.0/../../..]
    arg [CMakeFiles/cmTC_d6c33.dir/CMakeCXXCompilerABI.cpp.o] ==> ignore
    arg [-lstdc++] ==> lib [stdc++]
    arg [-lm] ==> lib [m]
    arg [-lgcc_s] ==> lib [gcc_s]
    arg [-lgcc] ==> lib [gcc]
    arg [-lc] ==> lib [c]
    arg [-lgcc_s] ==> lib [gcc_s]
    arg [-lgcc] ==> lib [gcc]
    arg [/apps/lib/gcc/x86_64-pc-linux-gnu/9.2.0/crtend.o] ==> ignore
    arg [/lib/../lib64/crtn.o] ==> ignore
  remove lib [gcc_s]
  remove lib [gcc]
  remove lib [gcc_s]
  remove lib [gcc]
  collapse library dir [/apps/lib/gcc/x86_64-pc-linux-gnu/9.2.0] ==> [/apps/lib/gcc/x86_64-pc-linux-gnu/9.2.0]
  collapse library dir [/apps/lib/gcc/x86_64-pc-linux-gnu/9.2.0/../../../../lib64] ==> [/apps/lib64]
  collapse library dir [/lib/../lib64] ==> [/lib64]
  collapse library dir [/usr/lib/../lib64] ==> [/usr/lib64]
  collapse library dir [/apps/lib/gcc/x86_64-pc-linux-gnu/9.2.0/../../..] ==> [/apps/lib]
  implicit libs: [stdc++;m;c]
  implicit dirs: [/apps/lib/gcc/x86_64-pc-linux-gnu/9.2.0;/apps/lib64;/lib64;/usr/lib64;/apps/lib]
  implicit fwks: []




Detecting CXX [-std=c++14] compiler features compiled with the following output:
Change Dir: /root/WorkSpace/sylar/build/CMakeFiles/CMakeTmp

Run Build Command:"/usr/bin/gmake" "cmTC_09e50/fast"
/usr/bin/gmake -f CMakeFiles/cmTC_09e50.dir/build.make CMakeFiles/cmTC_09e50.dir/build
gmake[1]: 进入目录“/root/WorkSpace/sylar/build/CMakeFiles/CMakeTmp”
Building CXX object CMakeFiles/cmTC_09e50.dir/feature_tests.cxx.o
/apps/bin/c++     -std=c++14 -o CMakeFiles/cmTC_09e50.dir/feature_tests.cxx.o -c /root/WorkSpace/sylar/build/CMakeFiles/feature_tests.cxx
Linking CXX executable cmTC_09e50
/usr/local/bin/cmake -E cmake_link_script CMakeFiles/cmTC_09e50.dir/link.txt --verbose=1
/apps/bin/c++        CMakeFiles/cmTC_09e50.dir/feature_tests.cxx.o  -o cmTC_09e50 -rdynamic 
gmake[1]: 离开目录“/root/WorkSpace/sylar/build/CMakeFiles/CMakeTmp”


    Feature record: CXX_FEATURE:1cxx_aggregate_default_initializers
    Feature record: CXX_FEATURE:1cxx_alias_templates
    Feature record: CXX_FEATURE:1cxx_alignas
    Feature record: CXX_FEATURE:1cxx_alignof
    Feature record: CXX_FEATURE:1cxx_attributes
    Feature record: CXX_FEATURE:1cxx_attribute_deprecated
    Feature record: CXX_FEATURE:1cxx_auto_type
    Feature record: CXX_FEATURE:1cxx_binary_literals
    Feature record: CXX_FEATURE:1cxx_constexpr
    Feature record: CXX_FEATURE:1cxx_contextual_conversions
    Feature record: CXX_FEATURE:1cxx_decltype
    Feature record: CXX_FEATURE:1cxx_decltype_auto
    Feature record: CXX_FEATURE:1cxx_decltype_incomplete_return_types
    Feature record: CXX_FEATURE:1cxx_default_function_template_args
    Feature record: CXX_FEATURE:1cxx_defaulted_functions
    Feature record: CXX_FEATURE:1cxx_defaulted_move_initializers
    Feature record: CXX_FEATURE:1cxx_delegating_constructors
    Feature record: CXX_FEATURE:1cxx_deleted_functions
    Feature record: CXX_FEATURE:1cxx_digit_separators
    Feature record: CXX_FEATURE:1cxx_enum_forward_declarations
    Feature record: CXX_FEATURE:1cxx_explicit_conversions
    Feature record: CXX_FEATURE:1cxx_extended_friend_declarations
    Feature record: CXX_FEATURE:1cxx_extern_templates
    Feature record: CXX_FEATURE:1cxx_final
    Feature record: CXX_FEATURE:1cxx_func_identifier
    Feature record: CXX_FEATURE:1cxx_generalized_initializers
    Feature record: CXX_FEATURE:1cxx_generic_lambdas
    Feature record: CXX_FEATURE:1cxx_inheriting_constructors
    Feature record: CXX_FEATURE:1cxx_inline_namespaces
    Feature record: CXX_FEATURE:1cxx_lambdas
    Feature record: CXX_FEATURE:1cxx_lambda_init_captures
    Feature record: CXX_FEATURE:1cxx_local_type_template_args
    Feature record: CXX_FEATURE:1cxx_long_long_type
    Feature record: CXX_FEATURE:1cxx_noexcept
    Feature record: CXX_FEATURE:1cxx_nonstatic_member_init
    Feature record: CXX_FEATURE:1cxx_nullptr
    Feature record: CXX_FEATURE:1cxx_override
    Feature record: CXX_FEATURE:1cxx_range_for
    Feature record: CXX_FEATURE:1cxx_raw_string_literals
    Feature record: CXX_FEATURE:1cxx_reference_qualified_functions
    Feature record: CXX_FEATURE:1cxx_relaxed_constexpr
    Feature record: CXX_FEATURE:1cxx_return_type_deduction
    Feature record: CXX_FEATURE:1cxx_right_angle_brackets
    Feature record: CXX_FEATURE:1cxx_rvalue_references
    Feature record: CXX_FEATURE:1cxx_sizeof_member
    Feature record: CXX_FEATURE:1cxx_static_assert
    Feature record: CXX_FEATURE:1cxx_strong_enums
    Feature record: CXX_FEATURE:1cxx_template_template_parameters
    Feature record: CXX_FEATURE:1cxx_thread_local
    Feature record: CXX_FEATURE:1cxx_trailing_return_types
    Feature record: CXX_FEATURE:1cxx_unicode_literals
    Feature record: CXX_FEATURE:1cxx_uniform_initialization
    Feature record: CXX_FEATURE:1cxx_unrestricted_unions
    Feature record: CXX_FEATURE:1cxx_user_literals
    Feature record: CXX_FEATURE:1cxx_variable_templates
    Feature record: CXX_FEATURE:1cxx_variadic_macros
    Feature record: CXX_FEATURE:1cxx_variadic_templates


Detecting CXX [-std=c++11] compiler features compiled with the following output:
Change Dir: /root/WorkSpace/sylar/build/CMakeFiles/CMakeTmp

Run Build Command:"/usr/bin/gmake" "cmTC_3c661/fast"
/usr/bin/gmake -f CMakeFiles/cmTC_3c661.dir/build.make CMakeFiles/cmTC_3c661.dir/build
gmake[1]: 进入目录“/root/WorkSpace/sylar/build/CMakeFiles/CMakeTmp”
Building CXX object CMakeFiles/cmTC_3c661.dir/feature_tests.cxx.o
/apps/bin/c++     -std=c++11 -o CMakeFiles/cmTC_3c661.dir/feature_tests.cxx.o -c /root/WorkSpace/sylar/build/CMakeFiles/feature_tests.cxx
Linking CXX executable cmTC_3c661
/usr/local/bin/cmake -E cmake_link_script CMakeFiles/cmTC_3c661.dir/link.txt --verbose=1
/apps/bin/c++        CMakeFiles/cmTC_3c661.dir/feature_tests.cxx.o  -o cmTC_3c661 -rdynamic 
gmake[1]: 离开目录“/root/WorkSpace/sylar/build/CMakeFiles/CMakeTmp”


    Feature record: CXX_FEATURE:0cxx_aggregate_default_initializers
    Feature record: CXX_FEATURE:1cxx_alias_templates
    Feature record: CXX_FEATURE:1cxx_alignas
    Feature record: CXX_FEATURE:1cxx_alignof
    Feature record: CXX_FEATURE:1cxx_attributes
    Feature record: CXX_FEATURE:0cxx_attribute_deprecated
    Feature record: CXX_FEATURE:1cxx_auto_type
    Feature record: CXX_FEATURE:0cxx_binary_literals
    Feature record: CXX_FEATURE:1cxx_constexpr
    Feature record: CXX_FEATURE:0cxx_contextual_conversions
    Feature record: CXX_FEATURE:1cxx_decltype
    Feature record: CXX_FEATURE:0cxx_decltype_auto
    Feature record: CXX_FEATURE:1cxx_decltype_incomplete_return_types
    Feature record: CXX_FEATURE:1cxx_default_function_template_args
    Feature record: CXX_FEATURE:1cxx_defaulted_functions
    Feature record: CXX_FEATURE:1cxx_defaulted_move_initializers
    Feature record: CXX_FEATURE:1cxx_delegating_constructors
    Feature record: CXX_FEATURE:1cxx_deleted_functions
    Feature record: CXX_FEATURE:0cxx_digit_separators
    Feature record: CXX_FEATURE:1cxx_enum_forward_declarations
    Feature record: CXX_FEATURE:1cxx_explicit_conversions
    Feature record: CXX_FEATURE:1cxx_extended_friend_declarations
    Feature record: CXX_FEATURE:1cxx_extern_templates
    Feature record: CXX_FEATURE:1cxx_final
    Feature record: CXX_FEATURE:1cxx_func_identifier
    Feature record: CXX_FEATURE:1cxx_generalized_initializers
    Feature record: CXX_FEATURE:0cxx_generic_lambdas
    Feature record: CXX_FEATURE:1cxx_inheriting_constructors
    Feature record: CXX_FEATURE:1cxx_inline_namespaces
    Feature record: CXX_FEATURE:1cxx_lambdas
    Feature record: CXX_FEATURE:0cxx_lambda_init_captures
    Feature record: CXX_FEATURE:1cxx_local_type_template_args
    Feature record: CXX_FEATURE:1cxx_long_long_type
    Feature record: CXX_FEATURE:1cxx_noexcept
    Feature record: CXX_FEATURE:1cxx_nonstatic_member_init
    Feature record: CXX_FEATURE:1cxx_nullptr
    Feature record: CXX_FEATURE:1cxx_override
    Feature record: CXX_FEATURE:1cxx_range_for
    Feature record: CXX_FEATURE:1cxx_raw_string_literals
    Feature record: CXX_FEATURE:1cxx_reference_qualified_functions
    Feature record: CXX_FEATURE:0cxx_relaxed_constexpr
    Feature record: CXX_FEATURE:0cxx_return_type_deduction
    Feature record: CXX_FEATURE:1cxx_right_angle_brackets
    Feature record: CXX_FEATURE:1cxx_rvalue_references
    Feature record: CXX_FEATURE:1cxx_sizeof_member
    Feature record: CXX_FEATURE:1cxx_static_assert
    Feature record: CXX_FEATURE:1cxx_strong_enums
    Feature record: CXX_FEATURE:1cxx_template_template_parameters
    Feature record: CXX_FEATURE:1cxx_thread_local
    Feature record: CXX_FEATURE:1cxx_trailing_return_types
    Feature record: CXX_FEATURE:1cxx_unicode_literals
    Feature record: CXX_FEATURE:1cxx_uniform_initialization
    Feature record: CXX_FEATURE:1cxx_unrestricted_unions
    Feature record: CXX_FEATURE:1cxx_user_literals
    Feature record: CXX_FEATURE:0cxx_variable_templates
    Feature record: CXX_FEATURE:1cxx_variadic_macros
    Feature record: CXX_FEATURE:1cxx_variadic_templates


Detecting CXX [-std=c++98] compiler features compiled with the following output:
Change Dir: /root/WorkSpace/sylar/build/CMakeFiles/CMakeTmp

Run Build Command:"/usr/bin/gmake" "cmTC_9b213/fast"
/usr/bin/gmake -f CMakeFiles/cmTC_9b213.dir/build.make CMakeFiles/cmTC_9b213.dir/build
gmake[1]: 进入目录“/root/WorkSpace/sylar/build/CMakeFiles/CMakeTmp”
Building CXX object CMakeFiles/cmTC_9b213.dir/feature_tests.cxx.o
/apps/bin/c++     -std=c++98 -o CMakeFiles/cmTC_9b213.dir/feature_tests.cxx.o -c /root/WorkSpace/sylar/build/CMakeFiles/feature_tests.cxx
Linking CXX executable cmTC_9b213
/usr/local/bin/cmake -E cmake_link_script CMakeFiles/cmTC_9b213.dir/link.txt --verbose=1
/apps/bin/c++        CMakeFiles/cmTC_9b213.dir/feature_tests.cxx.o  -o cmTC_9b213 -rdynamic 
gmake[1]: 离开目录“/root/WorkSpace/sylar/build/CMakeFiles/CMakeTmp”


    Feature record: CXX_FEATURE:0cxx_aggregate_default_initializers
    Feature record: CXX_FEATURE:0cxx_alias_templates
    Feature record: CXX_FEATURE:0cxx_alignas
    Feature record: CXX_FEATURE:0cxx_alignof
    Feature record: CXX_FEATURE:0cxx_attributes
    Feature record: CXX_FEATURE:0cxx_attribute_deprecated
    Feature record: CXX_FEATURE:0cxx_auto_type
    Feature record: CXX_FEATURE:0cxx_binary_literals
    Feature record: CXX_FEATURE:0cxx_constexpr
    Feature record: CXX_FEATURE:0cxx_contextual_conversions
    Feature record: CXX_FEATURE:0cxx_decltype
    Feature record: CXX_FEATURE:0cxx_decltype_auto
    Feature record: CXX_FEATURE:0cxx_decltype_incomplete_return_types
    Feature record: CXX_FEATURE:0cxx_default_function_template_args
    Feature record: CXX_FEATURE:0cxx_defaulted_functions
    Feature record: CXX_FEATURE:0cxx_defaulted_move_initializers
    Feature record: CXX_FEATURE:0cxx_delegating_constructors
    Feature record: CXX_FEATURE:0cxx_deleted_functions
    Feature record: CXX_FEATURE:0cxx_digit_separators
    Feature record: CXX_FEATURE:0cxx_enum_forward_declarations
    Feature record: CXX_FEATURE:0cxx_explicit_conversions
    Feature record: CXX_FEATURE:0cxx_extended_friend_declarations
    Feature record: CXX_FEATURE:0cxx_extern_templates
    Feature record: CXX_FEATURE:0cxx_final
    Feature record: CXX_FEATURE:0cxx_func_identifier
    Feature record: CXX_FEATURE:0cxx_generalized_initializers
    Feature record: CXX_FEATURE:0cxx_generic_lambdas
    Feature record: CXX_FEATURE:0cxx_inheriting_constructors
    Feature record: CXX_FEATURE:0cxx_inline_namespaces
    Feature record: CXX_FEATURE:0cxx_lambdas
    Feature record: CXX_FEATURE:0cxx_lambda_init_captures
    Feature record: CXX_FEATURE:0cxx_local_type_template_args
    Feature record: CXX_FEATURE:0cxx_long_long_type
    Feature record: CXX_FEATURE:0cxx_noexcept
    Feature record: CXX_FEATURE:0cxx_nonstatic_member_init
    Feature record: CXX_FEATURE:0cxx_nullptr
    Feature record: CXX_FEATURE:0cxx_override
    Feature record: CXX_FEATURE:0cxx_range_for
    Feature record: CXX_FEATURE:0cxx_raw_string_literals
    Feature record: CXX_FEATURE:0cxx_reference_qualified_functions
    Feature record: CXX_FEATURE:0cxx_relaxed_constexpr
    Feature record: CXX_FEATURE:0cxx_return_type_deduction
    Feature record: CXX_FEATURE:0cxx_right_angle_brackets
    Feature record: CXX_FEATURE:0cxx_rvalue_references
    Feature record: CXX_FEATURE:0cxx_sizeof_member
    Feature record: CXX_FEATURE:0cxx_static_assert
    Feature record: CXX_FEATURE:0cxx_strong_enums
    Feature record: CXX_FEATURE:1cxx_template_template_parameters
    Feature record: CXX_FEATURE:0cxx_thread_local
    Feature record: CXX_FEATURE:0cxx_trailing_return_types
    Feature record: CXX_FEATURE:0cxx_unicode_literals
    Feature record: CXX_FEATURE:0cxx_uniform_initialization
    Feature record: CXX_FEATURE:0cxx_unrestricted_unions
    Feature record: CXX_FEATURE:0cxx_user_literals
    Feature record: CXX_FEATURE:0cxx_variable_templates
    Feature record: CXX_FEATURE:0cxx_variadic_macros
    Feature record: CXX_FEATURE:0cxx_variadic_templates
